Performing C SOURCE FILE Test CMAKE_HAVE_LIBC_PTHREAD failed with the following output:
Change Dir: /home/poweruser/junda.feng/INT8-Flash-Attention-FMHA-Quantization/build/CMakeFiles/CMakeScratch/TryCompile-XMIl0d

Run Build Command(s):/usr/bin/make -f Makefile cmTC_cc80c/fast && /usr/bin/make  -f CMakeFiles/cmTC_cc80c.dir/build.make CMakeFiles/cmTC_cc80c.dir/build
make[1]: Entering directory '/home/poweruser/junda.feng/INT8-Flash-Attention-FMHA-Quantization/build/CMakeFiles/CMakeScratch/TryCompile-XMIl0d'
Building C object CMakeFiles/cmTC_cc80c.dir/src.c.o
/usr/bin/cc -DCMAKE_HAVE_LIBC_PTHREAD  -fPIC  -o CMakeFiles/cmTC_cc80c.dir/src.c.o -c /home/poweruser/junda.feng/INT8-Flash-Attention-FMHA-Quantization/build/CMakeFiles/CMakeScratch/TryCompile-XMIl0d/src.c
Linking C executable cmTC_cc80c
/usr/local/bin/cmake -E cmake_link_script CMakeFiles/cmTC_cc80c.dir/link.txt --verbose=1
/usr/bin/cc -fPIC  CMakeFiles/cmTC_cc80c.dir/src.c.o -o cmTC_cc80c 
CMakeFiles/cmTC_cc80c.dir/src.c.o: In function `main':
src.c:(.text+0x3e): undefined reference to `pthread_create'
src.c:(.text+0x4a): undefined reference to `pthread_detach'
src.c:(.text+0x56): undefined reference to `pthread_cancel'
src.c:(.text+0x67): undefined reference to `pthread_join'
src.c:(.text+0x7b): undefined reference to `pthread_atfork'
collect2: error: ld returned 1 exit status
CMakeFiles/cmTC_cc80c.dir/build.make:98: recipe for target 'cmTC_cc80c' failed
make[1]: *** [cmTC_cc80c] Error 1
make[1]: Leaving directory '/home/poweruser/junda.feng/INT8-Flash-Attention-FMHA-Quantization/build/CMakeFiles/CMakeScratch/TryCompile-XMIl0d'
Makefile:127: recipe for target 'cmTC_cc80c/fast' failed
make: *** [cmTC_cc80c/fast] Error 2


Source file was:
#include <pthread.h>

static void* test_func(void* data)
{
  return data;
}

int main(void)
{
  pthread_t thread;
  pthread_create(&thread, NULL, test_func, NULL);
  pthread_detach(thread);
  pthread_cancel(thread);
  pthread_join(thread, NULL);
  pthread_atfork(NULL, NULL, NULL);
  pthread_exit(NULL);

  return 0;
}


Determining if the function pthread_create exists in the pthreads failed with the following output:
Change Dir: /home/poweruser/junda.feng/INT8-Flash-Attention-FMHA-Quantization/build/CMakeFiles/CMakeScratch/TryCompile-Jrk5hm

Run Build Command(s):/usr/bin/make -f Makefile cmTC_9d070/fast && /usr/bin/make  -f CMakeFiles/cmTC_9d070.dir/build.make CMakeFiles/cmTC_9d070.dir/build
make[1]: Entering directory '/home/poweruser/junda.feng/INT8-Flash-Attention-FMHA-Quantization/build/CMakeFiles/CMakeScratch/TryCompile-Jrk5hm'
Building C object CMakeFiles/cmTC_9d070.dir/CheckFunctionExists.c.o
/usr/bin/cc   -fPIC -DCHECK_FUNCTION_EXISTS=pthread_create -o CMakeFiles/cmTC_9d070.dir/CheckFunctionExists.c.o -c /home/poweruser/junda.feng/INT8-Flash-Attention-FMHA-Quantization/build/CMakeFiles/CMakeScratch/TryCompile-Jrk5hm/CheckFunctionExists.c
Linking C executable cmTC_9d070
/usr/local/bin/cmake -E cmake_link_script CMakeFiles/cmTC_9d070.dir/link.txt --verbose=1
/usr/bin/cc -fPIC -DCHECK_FUNCTION_EXISTS=pthread_create CMakeFiles/cmTC_9d070.dir/CheckFunctionExists.c.o -o cmTC_9d070  -lpthreads 
/usr/bin/ld: cannot find -lpthreads
collect2: error: ld returned 1 exit status
CMakeFiles/cmTC_9d070.dir/build.make:98: recipe for target 'cmTC_9d070' failed
make[1]: *** [cmTC_9d070] Error 1
make[1]: Leaving directory '/home/poweruser/junda.feng/INT8-Flash-Attention-FMHA-Quantization/build/CMakeFiles/CMakeScratch/TryCompile-Jrk5hm'
Makefile:127: recipe for target 'cmTC_9d070/fast' failed
make: *** [cmTC_9d070/fast] Error 2



Performing C SOURCE FILE Test CMAKE_HAVE_LIBC_PTHREAD failed with the following output:
Change Dir: /home/poweruser/junda.feng/INT8-Flash-Attention-FMHA-Quantization/build/CMakeFiles/CMakeScratch/TryCompile-LL9k35

Run Build Command(s):/usr/bin/make -f Makefile cmTC_c70e6/fast && /usr/bin/make  -f CMakeFiles/cmTC_c70e6.dir/build.make CMakeFiles/cmTC_c70e6.dir/build
make[1]: Entering directory '/home/poweruser/junda.feng/INT8-Flash-Attention-FMHA-Quantization/build/CMakeFiles/CMakeScratch/TryCompile-LL9k35'
Building C object CMakeFiles/cmTC_c70e6.dir/src.c.o
/usr/bin/cc -DCMAKE_HAVE_LIBC_PTHREAD  -fPIC  -o CMakeFiles/cmTC_c70e6.dir/src.c.o -c /home/poweruser/junda.feng/INT8-Flash-Attention-FMHA-Quantization/build/CMakeFiles/CMakeScratch/TryCompile-LL9k35/src.c
Linking C executable cmTC_c70e6
/usr/local/bin/cmake -E cmake_link_script CMakeFiles/cmTC_c70e6.dir/link.txt --verbose=1
/usr/bin/cc -fPIC  CMakeFiles/cmTC_c70e6.dir/src.c.o -o cmTC_c70e6 
CMakeFiles/cmTC_c70e6.dir/src.c.o: In function `main':
src.c:(.text+0x3e): undefined reference to `pthread_create'
src.c:(.text+0x4a): undefined reference to `pthread_detach'
src.c:(.text+0x56): undefined reference to `pthread_cancel'
src.c:(.text+0x67): undefined reference to `pthread_join'
src.c:(.text+0x7b): undefined reference to `pthread_atfork'
collect2: error: ld returned 1 exit status
CMakeFiles/cmTC_c70e6.dir/build.make:98: recipe for target 'cmTC_c70e6' failed
make[1]: *** [cmTC_c70e6] Error 1
make[1]: Leaving directory '/home/poweruser/junda.feng/INT8-Flash-Attention-FMHA-Quantization/build/CMakeFiles/CMakeScratch/TryCompile-LL9k35'
Makefile:127: recipe for target 'cmTC_c70e6/fast' failed
make: *** [cmTC_c70e6/fast] Error 2


Source file was:
#include <pthread.h>

static void* test_func(void* data)
{
  return data;
}

int main(void)
{
  pthread_t thread;
  pthread_create(&thread, NULL, test_func, NULL);
  pthread_detach(thread);
  pthread_cancel(thread);
  pthread_join(thread, NULL);
  pthread_atfork(NULL, NULL, NULL);
  pthread_exit(NULL);

  return 0;
}


Determining if the function pthread_create exists in the pthreads failed with the following output:
Change Dir: /home/poweruser/junda.feng/INT8-Flash-Attention-FMHA-Quantization/build/CMakeFiles/CMakeScratch/TryCompile-8pQEhS

Run Build Command(s):/usr/bin/make -f Makefile cmTC_8217f/fast && /usr/bin/make  -f CMakeFiles/cmTC_8217f.dir/build.make CMakeFiles/cmTC_8217f.dir/build
make[1]: Entering directory '/home/poweruser/junda.feng/INT8-Flash-Attention-FMHA-Quantization/build/CMakeFiles/CMakeScratch/TryCompile-8pQEhS'
Building C object CMakeFiles/cmTC_8217f.dir/CheckFunctionExists.c.o
/usr/bin/cc   -fPIC -DCHECK_FUNCTION_EXISTS=pthread_create -o CMakeFiles/cmTC_8217f.dir/CheckFunctionExists.c.o -c /home/poweruser/junda.feng/INT8-Flash-Attention-FMHA-Quantization/build/CMakeFiles/CMakeScratch/TryCompile-8pQEhS/CheckFunctionExists.c
Linking C executable cmTC_8217f
/usr/local/bin/cmake -E cmake_link_script CMakeFiles/cmTC_8217f.dir/link.txt --verbose=1
/usr/bin/cc -fPIC -DCHECK_FUNCTION_EXISTS=pthread_create CMakeFiles/cmTC_8217f.dir/CheckFunctionExists.c.o -o cmTC_8217f  -lpthreads 
/usr/bin/ld: cannot find -lpthreads
collect2: error: ld returned 1 exit status
CMakeFiles/cmTC_8217f.dir/build.make:98: recipe for target 'cmTC_8217f' failed
make[1]: *** [cmTC_8217f] Error 1
make[1]: Leaving directory '/home/poweruser/junda.feng/INT8-Flash-Attention-FMHA-Quantization/build/CMakeFiles/CMakeScratch/TryCompile-8pQEhS'
Makefile:127: recipe for target 'cmTC_8217f/fast' failed
make: *** [cmTC_8217f/fast] Error 2



